<?xml version="1.0" encoding="UTF-8" ?>
<testsuite failures="1" time="0.076" errors="0" skipped="0" tests="6" name="UriTest">
  <properties>
    <property name="java.runtime.name" value="Java(TM) SE Runtime Environment"/>
    <property name="sun.boot.library.path" value="/home/timo/Downloads/jdk1.7.0_15/jre/lib/i386"/>
    <property name="java.vm.version" value="23.7-b01"/>
    <property name="java.vm.vendor" value="Oracle Corporation"/>
    <property name="java.vendor.url" value="http://java.oracle.com/"/>
    <property name="path.separator" value=":"/>
    <property name="java.vm.name" value="Java HotSpot(TM) Server VM"/>
    <property name="file.encoding.pkg" value="sun.io"/>
    <property name="user.country" value="DE"/>
    <property name="sun.java.launcher" value="SUN_STANDARD"/>
    <property name="sun.os.patch.level" value="unknown"/>
    <property name="java.vm.specification.name" value="Java Virtual Machine Specification"/>
    <property name="user.dir" value="/home/timo/Projects/CloudCrawlerJava"/>
    <property name="java.runtime.version" value="1.7.0_15-b03"/>
    <property name="java.awt.graphicsenv" value="sun.awt.X11GraphicsEnvironment"/>
    <property name="basedir" value="/home/timo/Projects/CloudCrawlerJava"/>
    <property name="java.endorsed.dirs" value="/home/timo/Downloads/jdk1.7.0_15/jre/lib/endorsed"/>
    <property name="os.arch" value="i386"/>
    <property name="surefire.real.class.path" value="/tmp/surefirebooter4407140742876582659.jar"/>
    <property name="java.io.tmpdir" value="/tmp"/>
    <property name="line.separator" value="
"/>
    <property name="java.vm.specification.vendor" value="Oracle Corporation"/>
    <property name="os.name" value="Linux"/>
    <property name="sun.jnu.encoding" value="UTF-8"/>
    <property name="java.library.path" value="/usr/lib/jvm/java-6-sun-1.6.0.26/jre/lib/amd64/server:/usr/lib/jvm/java-6-sun-1.6.0.26/jre/lib/amd64:/usr/lib/jvm/java-6-sun-1.6.0.26/jre/../lib/amd64:/home/timo/bin/idea-IU-123.94/bin::/usr/java/packages/lib/i386:/lib:/usr/lib"/>
    <property name="surefire.test.class.path" value="/home/timo/Projects/CloudCrawlerJava/target/test-classes:/home/timo/Projects/CloudCrawlerJava/target/classes:/home/timo/.m2/repository/org/apache/hadoop/hadoop-core/1.0.3/hadoop-core-1.0.3.jar:/home/timo/.m2/repository/commons-cli/commons-cli/1.2/commons-cli-1.2.jar:/home/timo/.m2/repository/xmlenc/xmlenc/0.52/xmlenc-0.52.jar:/home/timo/.m2/repository/commons-httpclient/commons-httpclient/3.1/commons-httpclient-3.1.jar:/home/timo/.m2/repository/junit/junit/4.11/junit-4.11.jar:/home/timo/.m2/repository/commons-logging/commons-logging/1.1.1/commons-logging-1.1.1.jar:/home/timo/.m2/repository/commons-codec/commons-codec/1.4/commons-codec-1.4.jar:/home/timo/.m2/repository/org/apache/commons/commons-math/2.1/commons-math-2.1.jar:/home/timo/.m2/repository/commons-configuration/commons-configuration/1.6/commons-configuration-1.6.jar:/home/timo/.m2/repository/commons-collections/commons-collections/3.2.1/commons-collections-3.2.1.jar:/home/timo/.m2/repository/commons-lang/commons-lang/2.4/commons-lang-2.4.jar:/home/timo/.m2/repository/commons-digester/commons-digester/1.8/commons-digester-1.8.jar:/home/timo/.m2/repository/commons-beanutils/commons-beanutils/1.7.0/commons-beanutils-1.7.0.jar:/home/timo/.m2/repository/commons-beanutils/commons-beanutils-core/1.8.0/commons-beanutils-core-1.8.0.jar:/home/timo/.m2/repository/commons-net/commons-net/1.4.1/commons-net-1.4.1.jar:/home/timo/.m2/repository/oro/oro/2.0.8/oro-2.0.8.jar:/home/timo/.m2/repository/org/mortbay/jetty/jetty/6.1.26/jetty-6.1.26.jar:/home/timo/.m2/repository/org/mortbay/jetty/jetty-util/6.1.26/jetty-util-6.1.26.jar:/home/timo/.m2/repository/org/mortbay/jetty/servlet-api/2.5-20081211/servlet-api-2.5-20081211.jar:/home/timo/.m2/repository/tomcat/jasper-runtime/5.5.12/jasper-runtime-5.5.12.jar:/home/timo/.m2/repository/tomcat/jasper-compiler/5.5.12/jasper-compiler-5.5.12.jar:/home/timo/.m2/repository/org/mortbay/jetty/jsp-api-2.1/6.1.14/jsp-api-2.1-6.1.14.jar:/home/timo/.m2/repository/org/mortbay/jetty/servlet-api-2.5/6.1.14/servlet-api-2.5-6.1.14.jar:/home/timo/.m2/repository/org/mortbay/jetty/jsp-2.1/6.1.14/jsp-2.1-6.1.14.jar:/home/timo/.m2/repository/org/eclipse/jdt/core/3.1.1/core-3.1.1.jar:/home/timo/.m2/repository/ant/ant/1.6.5/ant-1.6.5.jar:/home/timo/.m2/repository/commons-el/commons-el/1.0/commons-el-1.0.jar:/home/timo/.m2/repository/net/java/dev/jets3t/jets3t/0.7.1/jets3t-0.7.1.jar:/home/timo/.m2/repository/net/sf/kosmosfs/kfs/0.3/kfs-0.3.jar:/home/timo/.m2/repository/hsqldb/hsqldb/1.8.0.10/hsqldb-1.8.0.10.jar:/home/timo/.m2/repository/org/codehaus/jackson/jackson-mapper-asl/1.0.1/jackson-mapper-asl-1.0.1.jar:/home/timo/.m2/repository/org/codehaus/jackson/jackson-core-asl/1.0.1/jackson-core-asl-1.0.1.jar:/home/timo/.m2/repository/org/apache/httpcomponents/httpclient/4.2.3/httpclient-4.2.3.jar:/home/timo/.m2/repository/org/apache/httpcomponents/httpcore/4.2.2/httpcore-4.2.2.jar:/home/timo/.m2/repository/org/hamcrest/hamcrest-core/1.3/hamcrest-core-1.3.jar:"/>
    <property name="java.specification.name" value="Java Platform API Specification"/>
    <property name="java.class.version" value="51.0"/>
    <property name="sun.management.compiler" value="HotSpot Tiered Compilers"/>
    <property name="os.version" value="3.0.0-26-generic"/>
    <property name="user.home" value="/home/timo"/>
    <property name="user.timezone" value=""/>
    <property name="java.awt.printerjob" value="sun.print.PSPrinterJob"/>
    <property name="file.encoding" value="UTF-8"/>
    <property name="java.specification.version" value="1.7"/>
    <property name="user.name" value="timo"/>
    <property name="java.class.path" value="/home/timo/Projects/CloudCrawlerJava/target/test-classes:/home/timo/Projects/CloudCrawlerJava/target/classes:/home/timo/.m2/repository/org/apache/hadoop/hadoop-core/1.0.3/hadoop-core-1.0.3.jar:/home/timo/.m2/repository/commons-cli/commons-cli/1.2/commons-cli-1.2.jar:/home/timo/.m2/repository/xmlenc/xmlenc/0.52/xmlenc-0.52.jar:/home/timo/.m2/repository/commons-httpclient/commons-httpclient/3.1/commons-httpclient-3.1.jar:/home/timo/.m2/repository/junit/junit/4.11/junit-4.11.jar:/home/timo/.m2/repository/commons-logging/commons-logging/1.1.1/commons-logging-1.1.1.jar:/home/timo/.m2/repository/commons-codec/commons-codec/1.4/commons-codec-1.4.jar:/home/timo/.m2/repository/org/apache/commons/commons-math/2.1/commons-math-2.1.jar:/home/timo/.m2/repository/commons-configuration/commons-configuration/1.6/commons-configuration-1.6.jar:/home/timo/.m2/repository/commons-collections/commons-collections/3.2.1/commons-collections-3.2.1.jar:/home/timo/.m2/repository/commons-lang/commons-lang/2.4/commons-lang-2.4.jar:/home/timo/.m2/repository/commons-digester/commons-digester/1.8/commons-digester-1.8.jar:/home/timo/.m2/repository/commons-beanutils/commons-beanutils/1.7.0/commons-beanutils-1.7.0.jar:/home/timo/.m2/repository/commons-beanutils/commons-beanutils-core/1.8.0/commons-beanutils-core-1.8.0.jar:/home/timo/.m2/repository/commons-net/commons-net/1.4.1/commons-net-1.4.1.jar:/home/timo/.m2/repository/oro/oro/2.0.8/oro-2.0.8.jar:/home/timo/.m2/repository/org/mortbay/jetty/jetty/6.1.26/jetty-6.1.26.jar:/home/timo/.m2/repository/org/mortbay/jetty/jetty-util/6.1.26/jetty-util-6.1.26.jar:/home/timo/.m2/repository/org/mortbay/jetty/servlet-api/2.5-20081211/servlet-api-2.5-20081211.jar:/home/timo/.m2/repository/tomcat/jasper-runtime/5.5.12/jasper-runtime-5.5.12.jar:/home/timo/.m2/repository/tomcat/jasper-compiler/5.5.12/jasper-compiler-5.5.12.jar:/home/timo/.m2/repository/org/mortbay/jetty/jsp-api-2.1/6.1.14/jsp-api-2.1-6.1.14.jar:/home/timo/.m2/repository/org/mortbay/jetty/servlet-api-2.5/6.1.14/servlet-api-2.5-6.1.14.jar:/home/timo/.m2/repository/org/mortbay/jetty/jsp-2.1/6.1.14/jsp-2.1-6.1.14.jar:/home/timo/.m2/repository/org/eclipse/jdt/core/3.1.1/core-3.1.1.jar:/home/timo/.m2/repository/ant/ant/1.6.5/ant-1.6.5.jar:/home/timo/.m2/repository/commons-el/commons-el/1.0/commons-el-1.0.jar:/home/timo/.m2/repository/net/java/dev/jets3t/jets3t/0.7.1/jets3t-0.7.1.jar:/home/timo/.m2/repository/net/sf/kosmosfs/kfs/0.3/kfs-0.3.jar:/home/timo/.m2/repository/hsqldb/hsqldb/1.8.0.10/hsqldb-1.8.0.10.jar:/home/timo/.m2/repository/org/codehaus/jackson/jackson-mapper-asl/1.0.1/jackson-mapper-asl-1.0.1.jar:/home/timo/.m2/repository/org/codehaus/jackson/jackson-core-asl/1.0.1/jackson-core-asl-1.0.1.jar:/home/timo/.m2/repository/org/apache/httpcomponents/httpclient/4.2.3/httpclient-4.2.3.jar:/home/timo/.m2/repository/org/apache/httpcomponents/httpcore/4.2.2/httpcore-4.2.2.jar:/home/timo/.m2/repository/org/hamcrest/hamcrest-core/1.3/hamcrest-core-1.3.jar:"/>
    <property name="java.vm.specification.version" value="1.7"/>
    <property name="sun.arch.data.model" value="32"/>
    <property name="java.home" value="/home/timo/Downloads/jdk1.7.0_15/jre"/>
    <property name="sun.java.command" value="/tmp/surefirebooter4407140742876582659.jar /tmp/surefire2156198245210353315tmp /tmp/surefire998644914174638344tmp"/>
    <property name="java.specification.vendor" value="Oracle Corporation"/>
    <property name="user.language" value="de"/>
    <property name="awt.toolkit" value="sun.awt.X11.XToolkit"/>
    <property name="java.vm.info" value="mixed mode"/>
    <property name="java.version" value="1.7.0_15"/>
    <property name="java.ext.dirs" value="/home/timo/Downloads/jdk1.7.0_15/jre/lib/ext:/usr/java/packages/lib/ext"/>
    <property name="sun.boot.class.path" value="/home/timo/Downloads/jdk1.7.0_15/jre/lib/resources.jar:/home/timo/Downloads/jdk1.7.0_15/jre/lib/rt.jar:/home/timo/Downloads/jdk1.7.0_15/jre/lib/sunrsasign.jar:/home/timo/Downloads/jdk1.7.0_15/jre/lib/jsse.jar:/home/timo/Downloads/jdk1.7.0_15/jre/lib/jce.jar:/home/timo/Downloads/jdk1.7.0_15/jre/lib/charsets.jar:/home/timo/Downloads/jdk1.7.0_15/jre/lib/jfr.jar:/home/timo/Downloads/jdk1.7.0_15/jre/classes"/>
    <property name="java.vendor" value="Oracle Corporation"/>
    <property name="localRepository" value="/home/timo/.m2/repository"/>
    <property name="file.separator" value="/"/>
    <property name="java.vendor.url.bug" value="http://bugreport.sun.com/bugreport/"/>
    <property name="sun.cpu.endian" value="little"/>
    <property name="sun.io.unicode.encoding" value="UnicodeLittle"/>
    <property name="sun.desktop" value="gnome"/>
    <property name="sun.cpu.isalist" value=""/>
  </properties>
  <testcase time="0.009" classname="UriTest" name="canNormalize[0]"/>
  <testcase time="0" classname="UriTest" name="canNormalize[1]"/>
  <testcase time="0" classname="UriTest" name="canNormalize[2]"/>
  <testcase time="0.001" classname="UriTest" name="canNormalize[3]"/>
  <testcase time="0.001" classname="UriTest" name="canNormalize[4]"/>
  <testcase time="0.006" classname="UriTest" name="canNormalize[5]">
    <failure message="expected:&lt;...p://www.test.de/foo/[]one.html&gt; but was:&lt;...p://www.test.de/foo/[bar/]one.html&gt;" type="junit.framework.ComparisonFailure">junit.framework.ComparisonFailure: expected:&lt;...p://www.test.de/foo/[]one.html&gt; but was:&lt;...p://www.test.de/foo/[bar/]one.html&gt;
	at junit.framework.Assert.assertEquals(Assert.java:100)
	at junit.framework.Assert.assertEquals(Assert.java:107)
	at UriTest.canNormalize(UriTest.java:71)
	at sun.reflect.NativeMethodAccessorImpl.invoke0(Native Method)
	at sun.reflect.NativeMethodAccessorImpl.invoke(NativeMethodAccessorImpl.java:57)
	at sun.reflect.DelegatingMethodAccessorImpl.invoke(DelegatingMethodAccessorImpl.java:43)
	at java.lang.reflect.Method.invoke(Method.java:601)
	at org.junit.runners.model.FrameworkMethod$1.runReflectiveCall(FrameworkMethod.java:47)
	at org.junit.internal.runners.model.ReflectiveCallable.run(ReflectiveCallable.java:12)
	at org.junit.runners.model.FrameworkMethod.invokeExplosively(FrameworkMethod.java:44)
	at org.junit.internal.runners.statements.InvokeMethod.evaluate(InvokeMethod.java:17)
	at org.junit.runners.ParentRunner.runLeaf(ParentRunner.java:271)
	at org.junit.runners.BlockJUnit4ClassRunner.runChild(BlockJUnit4ClassRunner.java:70)
	at org.junit.runners.BlockJUnit4ClassRunner.runChild(BlockJUnit4ClassRunner.java:50)
	at org.junit.runners.ParentRunner$3.run(ParentRunner.java:238)
	at org.junit.runners.ParentRunner$1.schedule(ParentRunner.java:63)
	at org.junit.runners.ParentRunner.runChildren(ParentRunner.java:236)
	at org.junit.runners.ParentRunner.access$000(ParentRunner.java:53)
	at org.junit.runners.ParentRunner$2.evaluate(ParentRunner.java:229)
	at org.junit.runners.ParentRunner.run(ParentRunner.java:309)
	at org.junit.runners.Suite.runChild(Suite.java:127)
	at org.junit.runners.Suite.runChild(Suite.java:26)
	at org.junit.runners.ParentRunner$3.run(ParentRunner.java:238)
	at org.junit.runners.ParentRunner$1.schedule(ParentRunner.java:63)
	at org.junit.runners.ParentRunner.runChildren(ParentRunner.java:236)
	at org.junit.runners.ParentRunner.access$000(ParentRunner.java:53)
	at org.junit.runners.ParentRunner$2.evaluate(ParentRunner.java:229)
	at org.junit.runners.ParentRunner.run(ParentRunner.java:309)
	at org.apache.maven.surefire.junit4.JUnit4TestSet.execute(JUnit4TestSet.java:62)
	at org.apache.maven.surefire.suite.AbstractDirectoryTestSuite.executeTestSet(AbstractDirectoryTestSuite.java:140)
	at org.apache.maven.surefire.suite.AbstractDirectoryTestSuite.execute(AbstractDirectoryTestSuite.java:127)
	at org.apache.maven.surefire.Surefire.run(Surefire.java:177)
	at sun.reflect.NativeMethodAccessorImpl.invoke0(Native Method)
	at sun.reflect.NativeMethodAccessorImpl.invoke(NativeMethodAccessorImpl.java:57)
	at sun.reflect.DelegatingMethodAccessorImpl.invoke(DelegatingMethodAccessorImpl.java:43)
	at java.lang.reflect.Method.invoke(Method.java:601)
	at org.apache.maven.surefire.booter.SurefireBooter.runSuitesInProcess(SurefireBooter.java:345)
	at org.apache.maven.surefire.booter.SurefireBooter.main(SurefireBooter.java:1009)
</failure>
  </testcase>
</testsuite>