<?xml version="1.0" encoding="UTF-8" ?>
<testsuite failures="0" time="0.143" errors="0" skipped="0" tests="1" name="org.cloudcrawler.system.charset.conversion.HtmlConversionServiceTest">
  <properties>
    <property name="java.runtime.name" value="Java(TM) SE Runtime Environment"/>
    <property name="sun.boot.library.path" value="/usr/lib/jvm/java-6-sun-1.6.0.26/jre/lib/amd64"/>
    <property name="java.vm.version" value="20.1-b02"/>
    <property name="java.vm.vendor" value="Sun Microsystems Inc."/>
    <property name="java.vendor.url" value="http://java.sun.com/"/>
    <property name="path.separator" value=":"/>
    <property name="java.vm.name" value="Java HotSpot(TM) 64-Bit Server VM"/>
    <property name="file.encoding.pkg" value="sun.io"/>
    <property name="user.country" value="DE"/>
    <property name="sun.java.launcher" value="SUN_STANDARD"/>
    <property name="sun.os.patch.level" value="unknown"/>
    <property name="java.vm.specification.name" value="Java Virtual Machine Specification"/>
    <property name="user.dir" value="/home/timo/Projects/CloudCrawlerJava"/>
    <property name="java.runtime.version" value="1.6.0_26-b03"/>
    <property name="java.awt.graphicsenv" value="sun.awt.X11GraphicsEnvironment"/>
    <property name="basedir" value="/home/timo/Projects/CloudCrawlerJava"/>
    <property name="java.endorsed.dirs" value="/usr/lib/jvm/java-6-sun-1.6.0.26/jre/lib/endorsed"/>
    <property name="os.arch" value="amd64"/>
    <property name="surefire.real.class.path" value="/tmp/surefirebooter6504367326044926002.jar"/>
    <property name="java.io.tmpdir" value="/tmp"/>
    <property name="line.separator" value="
"/>
    <property name="java.vm.specification.vendor" value="Sun Microsystems Inc."/>
    <property name="os.name" value="Linux"/>
    <property name="sun.jnu.encoding" value="UTF-8"/>
    <property name="java.library.path" value="/usr/lib/jvm/java-6-sun-1.6.0.26/jre/lib/amd64/server:/usr/lib/jvm/java-6-sun-1.6.0.26/jre/lib/amd64:/usr/lib/jvm/java-6-sun-1.6.0.26/jre/../lib/amd64:/usr/java/packages/lib/amd64:/usr/lib64:/lib64:/lib:/usr/lib"/>
    <property name="surefire.test.class.path" value="/home/timo/Projects/CloudCrawlerJava/target/test-classes:/home/timo/Projects/CloudCrawlerJava/target/classes:/home/timo/.m2/repository/org/apache/hadoop/hadoop-core/1.0.3/hadoop-core-1.0.3.jar:/home/timo/.m2/repository/commons-cli/commons-cli/1.2/commons-cli-1.2.jar:/home/timo/.m2/repository/xmlenc/xmlenc/0.52/xmlenc-0.52.jar:/home/timo/.m2/repository/commons-httpclient/commons-httpclient/3.1/commons-httpclient-3.1.jar:/home/timo/.m2/repository/junit/junit/4.11/junit-4.11.jar:/home/timo/.m2/repository/commons-logging/commons-logging/1.1.1/commons-logging-1.1.1.jar:/home/timo/.m2/repository/commons-codec/commons-codec/1.4/commons-codec-1.4.jar:/home/timo/.m2/repository/org/apache/commons/commons-math/2.1/commons-math-2.1.jar:/home/timo/.m2/repository/commons-configuration/commons-configuration/1.6/commons-configuration-1.6.jar:/home/timo/.m2/repository/commons-collections/commons-collections/3.2.1/commons-collections-3.2.1.jar:/home/timo/.m2/repository/commons-lang/commons-lang/2.4/commons-lang-2.4.jar:/home/timo/.m2/repository/commons-digester/commons-digester/1.8/commons-digester-1.8.jar:/home/timo/.m2/repository/commons-beanutils/commons-beanutils/1.7.0/commons-beanutils-1.7.0.jar:/home/timo/.m2/repository/commons-beanutils/commons-beanutils-core/1.8.0/commons-beanutils-core-1.8.0.jar:/home/timo/.m2/repository/commons-net/commons-net/1.4.1/commons-net-1.4.1.jar:/home/timo/.m2/repository/oro/oro/2.0.8/oro-2.0.8.jar:/home/timo/.m2/repository/org/mortbay/jetty/jetty/6.1.26/jetty-6.1.26.jar:/home/timo/.m2/repository/org/mortbay/jetty/jetty-util/6.1.26/jetty-util-6.1.26.jar:/home/timo/.m2/repository/org/mortbay/jetty/servlet-api/2.5-20081211/servlet-api-2.5-20081211.jar:/home/timo/.m2/repository/tomcat/jasper-runtime/5.5.12/jasper-runtime-5.5.12.jar:/home/timo/.m2/repository/tomcat/jasper-compiler/5.5.12/jasper-compiler-5.5.12.jar:/home/timo/.m2/repository/org/mortbay/jetty/jsp-api-2.1/6.1.14/jsp-api-2.1-6.1.14.jar:/home/timo/.m2/repository/org/mortbay/jetty/servlet-api-2.5/6.1.14/servlet-api-2.5-6.1.14.jar:/home/timo/.m2/repository/org/mortbay/jetty/jsp-2.1/6.1.14/jsp-2.1-6.1.14.jar:/home/timo/.m2/repository/org/eclipse/jdt/core/3.1.1/core-3.1.1.jar:/home/timo/.m2/repository/ant/ant/1.6.5/ant-1.6.5.jar:/home/timo/.m2/repository/commons-el/commons-el/1.0/commons-el-1.0.jar:/home/timo/.m2/repository/net/java/dev/jets3t/jets3t/0.7.1/jets3t-0.7.1.jar:/home/timo/.m2/repository/net/sf/kosmosfs/kfs/0.3/kfs-0.3.jar:/home/timo/.m2/repository/hsqldb/hsqldb/1.8.0.10/hsqldb-1.8.0.10.jar:/home/timo/.m2/repository/org/codehaus/jackson/jackson-mapper-asl/1.0.1/jackson-mapper-asl-1.0.1.jar:/home/timo/.m2/repository/org/codehaus/jackson/jackson-core-asl/1.0.1/jackson-core-asl-1.0.1.jar:/home/timo/.m2/repository/org/apache/httpcomponents/httpclient/4.2.3/httpclient-4.2.3.jar:/home/timo/.m2/repository/org/apache/httpcomponents/httpcore/4.2.2/httpcore-4.2.2.jar:/home/timo/.m2/repository/org/hamcrest/hamcrest-core/1.3/hamcrest-core-1.3.jar:/home/timo/.m2/repository/com/google/code/gson/gson/1.7.1/gson-1.7.1.jar:/home/timo/.m2/repository/commons-io/commons-io/1.3.2/commons-io-1.3.2.jar:/home/timo/.m2/repository/com/google/inject/guice/3.0/guice-3.0.jar:/home/timo/.m2/repository/javax/inject/javax.inject/1/javax.inject-1.jar:/home/timo/.m2/repository/aopalliance/aopalliance/1.0/aopalliance-1.0.jar:/home/timo/.m2/repository/net/sourceforge/jchardet/jchardet/1.0/jchardet-1.0.jar:/home/timo/.m2/repository/com/ibm/icu/icu4j/3.4.4/icu4j-3.4.4.jar:/home/timo/.m2/repository/nu/validator/htmlparser/htmlparser/1.4/htmlparser-1.4.jar:/home/timo/.m2/repository/org/easymock/easymock/3.1/easymock-3.1.jar:/home/timo/.m2/repository/cglib/cglib-nodep/2.2.2/cglib-nodep-2.2.2.jar:/home/timo/.m2/repository/org/objenesis/objenesis/1.2/objenesis-1.2.jar:/home/timo/.m2/repository/com/google/code/crawler-commons/crawler-commons/0.1/crawler-commons-0.1.jar:/home/timo/.m2/repository/org/apache/tika/tika-core/0.9/tika-core-0.9.jar:/home/timo/.m2/repository/org/slf4j/slf4j-api/1.6.0/slf4j-api-1.6.0.jar:/home/timo/.m2/repository/com/google/code/simple-spring-memcached/spymemcached/2.8.4/spymemcached-2.8.4.jar:/home/timo/.m2/repository/org/apache/solr/solr-solrj/4.2.0/solr-solrj-4.2.0.jar:/home/timo/.m2/repository/org/apache/zookeeper/zookeeper/3.4.5/zookeeper-3.4.5.jar:/home/timo/.m2/repository/org/apache/httpcomponents/httpmime/4.2.3/httpmime-4.2.3.jar:/home/timo/.m2/repository/org/codehaus/woodstox/wstx-asl/3.2.7/wstx-asl-3.2.7.jar:/home/timo/.m2/repository/org/jsoup/jsoup/1.7.2/jsoup-1.7.2.jar:/home/timo/.m2/repository/org/elasticsearch/elasticsearch/0.20.6/elasticsearch-0.20.6.jar:/home/timo/.m2/repository/org/apache/lucene/lucene-core/3.6.2/lucene-core-3.6.2.jar:/home/timo/.m2/repository/org/apache/lucene/lucene-analyzers/3.6.2/lucene-analyzers-3.6.2.jar:/home/timo/.m2/repository/org/apache/lucene/lucene-queries/3.6.2/lucene-queries-3.6.2.jar:/home/timo/.m2/repository/org/apache/lucene/lucene-memory/3.6.2/lucene-memory-3.6.2.jar:/home/timo/.m2/repository/org/apache/lucene/lucene-highlighter/3.6.2/lucene-highlighter-3.6.2.jar:"/>
    <property name="java.specification.name" value="Java Platform API Specification"/>
    <property name="java.class.version" value="50.0"/>
    <property name="sun.management.compiler" value="HotSpot 64-Bit Tiered Compilers"/>
    <property name="os.version" value="3.0.0-26-generic"/>
    <property name="user.home" value="/home/timo"/>
    <property name="user.timezone" value="Europe/Berlin"/>
    <property name="java.awt.printerjob" value="sun.print.PSPrinterJob"/>
    <property name="file.encoding" value="UTF-8"/>
    <property name="java.specification.version" value="1.6"/>
    <property name="user.name" value="timo"/>
    <property name="java.class.path" value="/home/timo/Projects/CloudCrawlerJava/target/test-classes:/home/timo/Projects/CloudCrawlerJava/target/classes:/home/timo/.m2/repository/org/apache/hadoop/hadoop-core/1.0.3/hadoop-core-1.0.3.jar:/home/timo/.m2/repository/commons-cli/commons-cli/1.2/commons-cli-1.2.jar:/home/timo/.m2/repository/xmlenc/xmlenc/0.52/xmlenc-0.52.jar:/home/timo/.m2/repository/commons-httpclient/commons-httpclient/3.1/commons-httpclient-3.1.jar:/home/timo/.m2/repository/junit/junit/4.11/junit-4.11.jar:/home/timo/.m2/repository/commons-logging/commons-logging/1.1.1/commons-logging-1.1.1.jar:/home/timo/.m2/repository/commons-codec/commons-codec/1.4/commons-codec-1.4.jar:/home/timo/.m2/repository/org/apache/commons/commons-math/2.1/commons-math-2.1.jar:/home/timo/.m2/repository/commons-configuration/commons-configuration/1.6/commons-configuration-1.6.jar:/home/timo/.m2/repository/commons-collections/commons-collections/3.2.1/commons-collections-3.2.1.jar:/home/timo/.m2/repository/commons-lang/commons-lang/2.4/commons-lang-2.4.jar:/home/timo/.m2/repository/commons-digester/commons-digester/1.8/commons-digester-1.8.jar:/home/timo/.m2/repository/commons-beanutils/commons-beanutils/1.7.0/commons-beanutils-1.7.0.jar:/home/timo/.m2/repository/commons-beanutils/commons-beanutils-core/1.8.0/commons-beanutils-core-1.8.0.jar:/home/timo/.m2/repository/commons-net/commons-net/1.4.1/commons-net-1.4.1.jar:/home/timo/.m2/repository/oro/oro/2.0.8/oro-2.0.8.jar:/home/timo/.m2/repository/org/mortbay/jetty/jetty/6.1.26/jetty-6.1.26.jar:/home/timo/.m2/repository/org/mortbay/jetty/jetty-util/6.1.26/jetty-util-6.1.26.jar:/home/timo/.m2/repository/org/mortbay/jetty/servlet-api/2.5-20081211/servlet-api-2.5-20081211.jar:/home/timo/.m2/repository/tomcat/jasper-runtime/5.5.12/jasper-runtime-5.5.12.jar:/home/timo/.m2/repository/tomcat/jasper-compiler/5.5.12/jasper-compiler-5.5.12.jar:/home/timo/.m2/repository/org/mortbay/jetty/jsp-api-2.1/6.1.14/jsp-api-2.1-6.1.14.jar:/home/timo/.m2/repository/org/mortbay/jetty/servlet-api-2.5/6.1.14/servlet-api-2.5-6.1.14.jar:/home/timo/.m2/repository/org/mortbay/jetty/jsp-2.1/6.1.14/jsp-2.1-6.1.14.jar:/home/timo/.m2/repository/org/eclipse/jdt/core/3.1.1/core-3.1.1.jar:/home/timo/.m2/repository/ant/ant/1.6.5/ant-1.6.5.jar:/home/timo/.m2/repository/commons-el/commons-el/1.0/commons-el-1.0.jar:/home/timo/.m2/repository/net/java/dev/jets3t/jets3t/0.7.1/jets3t-0.7.1.jar:/home/timo/.m2/repository/net/sf/kosmosfs/kfs/0.3/kfs-0.3.jar:/home/timo/.m2/repository/hsqldb/hsqldb/1.8.0.10/hsqldb-1.8.0.10.jar:/home/timo/.m2/repository/org/codehaus/jackson/jackson-mapper-asl/1.0.1/jackson-mapper-asl-1.0.1.jar:/home/timo/.m2/repository/org/codehaus/jackson/jackson-core-asl/1.0.1/jackson-core-asl-1.0.1.jar:/home/timo/.m2/repository/org/apache/httpcomponents/httpclient/4.2.3/httpclient-4.2.3.jar:/home/timo/.m2/repository/org/apache/httpcomponents/httpcore/4.2.2/httpcore-4.2.2.jar:/home/timo/.m2/repository/org/hamcrest/hamcrest-core/1.3/hamcrest-core-1.3.jar:/home/timo/.m2/repository/com/google/code/gson/gson/1.7.1/gson-1.7.1.jar:/home/timo/.m2/repository/commons-io/commons-io/1.3.2/commons-io-1.3.2.jar:/home/timo/.m2/repository/com/google/inject/guice/3.0/guice-3.0.jar:/home/timo/.m2/repository/javax/inject/javax.inject/1/javax.inject-1.jar:/home/timo/.m2/repository/aopalliance/aopalliance/1.0/aopalliance-1.0.jar:/home/timo/.m2/repository/net/sourceforge/jchardet/jchardet/1.0/jchardet-1.0.jar:/home/timo/.m2/repository/com/ibm/icu/icu4j/3.4.4/icu4j-3.4.4.jar:/home/timo/.m2/repository/nu/validator/htmlparser/htmlparser/1.4/htmlparser-1.4.jar:/home/timo/.m2/repository/org/easymock/easymock/3.1/easymock-3.1.jar:/home/timo/.m2/repository/cglib/cglib-nodep/2.2.2/cglib-nodep-2.2.2.jar:/home/timo/.m2/repository/org/objenesis/objenesis/1.2/objenesis-1.2.jar:/home/timo/.m2/repository/com/google/code/crawler-commons/crawler-commons/0.1/crawler-commons-0.1.jar:/home/timo/.m2/repository/org/apache/tika/tika-core/0.9/tika-core-0.9.jar:/home/timo/.m2/repository/org/slf4j/slf4j-api/1.6.0/slf4j-api-1.6.0.jar:/home/timo/.m2/repository/com/google/code/simple-spring-memcached/spymemcached/2.8.4/spymemcached-2.8.4.jar:/home/timo/.m2/repository/org/apache/solr/solr-solrj/4.2.0/solr-solrj-4.2.0.jar:/home/timo/.m2/repository/org/apache/zookeeper/zookeeper/3.4.5/zookeeper-3.4.5.jar:/home/timo/.m2/repository/org/apache/httpcomponents/httpmime/4.2.3/httpmime-4.2.3.jar:/home/timo/.m2/repository/org/codehaus/woodstox/wstx-asl/3.2.7/wstx-asl-3.2.7.jar:/home/timo/.m2/repository/org/jsoup/jsoup/1.7.2/jsoup-1.7.2.jar:/home/timo/.m2/repository/org/elasticsearch/elasticsearch/0.20.6/elasticsearch-0.20.6.jar:/home/timo/.m2/repository/org/apache/lucene/lucene-core/3.6.2/lucene-core-3.6.2.jar:/home/timo/.m2/repository/org/apache/lucene/lucene-analyzers/3.6.2/lucene-analyzers-3.6.2.jar:/home/timo/.m2/repository/org/apache/lucene/lucene-queries/3.6.2/lucene-queries-3.6.2.jar:/home/timo/.m2/repository/org/apache/lucene/lucene-memory/3.6.2/lucene-memory-3.6.2.jar:/home/timo/.m2/repository/org/apache/lucene/lucene-highlighter/3.6.2/lucene-highlighter-3.6.2.jar:"/>
    <property name="java.vm.specification.version" value="1.0"/>
    <property name="sun.arch.data.model" value="64"/>
    <property name="java.home" value="/usr/lib/jvm/java-6-sun-1.6.0.26/jre"/>
    <property name="sun.java.command" value="/tmp/surefirebooter6504367326044926002.jar /tmp/surefire8993313940421014366tmp /tmp/surefire8048899521992775636tmp"/>
    <property name="java.specification.vendor" value="Sun Microsystems Inc."/>
    <property name="user.language" value="de"/>
    <property name="java.vm.info" value="mixed mode"/>
    <property name="java.version" value="1.6.0_26"/>
    <property name="java.ext.dirs" value="/usr/lib/jvm/java-6-sun-1.6.0.26/jre/lib/ext:/usr/java/packages/lib/ext"/>
    <property name="sun.boot.class.path" value="/usr/lib/jvm/java-6-sun-1.6.0.26/jre/lib/resources.jar:/usr/lib/jvm/java-6-sun-1.6.0.26/jre/lib/rt.jar:/usr/lib/jvm/java-6-sun-1.6.0.26/jre/lib/sunrsasign.jar:/usr/lib/jvm/java-6-sun-1.6.0.26/jre/lib/jsse.jar:/usr/lib/jvm/java-6-sun-1.6.0.26/jre/lib/jce.jar:/usr/lib/jvm/java-6-sun-1.6.0.26/jre/lib/charsets.jar:/usr/lib/jvm/java-6-sun-1.6.0.26/jre/lib/modules/jdk.boot.jar:/usr/lib/jvm/java-6-sun-1.6.0.26/jre/classes"/>
    <property name="java.vendor" value="Sun Microsystems Inc."/>
    <property name="localRepository" value="/home/timo/.m2/repository"/>
    <property name="file.separator" value="/"/>
    <property name="java.vendor.url.bug" value="http://java.sun.com/cgi-bin/bugreport.cgi"/>
    <property name="sun.cpu.endian" value="little"/>
    <property name="sun.io.unicode.encoding" value="UnicodeLittle"/>
    <property name="sun.desktop" value="gnome"/>
    <property name="sun.cpu.isalist" value=""/>
  </properties>
  <testcase time="0.088" classname="org.cloudcrawler.system.charset.conversion.HtmlConversionServiceTest" name="htmlConversionTest[0]"/>
</testsuite>